<?xml version="1.0" encoding="UTF-8"?>
<testsuite name="Realizar operações matematicas" tests="4" skipped="0" failures="4" errors="0" timestamp="2018-11-21T20:31:14" hostname="AMAC02RWNJ9FVH3" time="0.03">
  <properties/>
  <testcase name="Somar dois numeros positivos" classname="Realizar operações matematicas" time="0.026">
    <failure message="java.lang.NullPointerException" type="java.lang.NullPointerException">java.lang.NullPointerException
	at helper.AppiumDriverHelper.createDriver(AppiumDriverHelper.java:20)
	at stepDefinition.CalculatorSteps.que_insiro_os_dois_numeros(CalculatorSteps.java:19)
	at ✽.que insiro os dois numeros(src/test/resources/features/calculator.feature:9)
</failure>
  </testcase>
  <testcase name="Subtrair dois numeros positivos" classname="Realizar operações matematicas" time="0.0">
    <failure message="java.lang.NullPointerException" type="java.lang.NullPointerException">java.lang.NullPointerException
	at helper.AppiumDriverHelper.createDriver(AppiumDriverHelper.java:20)
	at stepDefinition.CalculatorSteps.que_insiro_os_dois_numeros(CalculatorSteps.java:19)
	at ✽.que insiro os dois numeros(src/test/resources/features/calculator.feature:14)
</failure>
  </testcase>
  <testcase name="Dividir dois numeros positivos" classname="Realizar operações matematicas" time="0.0">
    <failure message="java.lang.NullPointerException" type="java.lang.NullPointerException">java.lang.NullPointerException
	at helper.AppiumDriverHelper.createDriver(AppiumDriverHelper.java:20)
	at stepDefinition.CalculatorSteps.que_insiro_os_dois_numeros(CalculatorSteps.java:19)
	at ✽.que insiro os dois numeros(src/test/resources/features/calculator.feature:19)
</failure>
  </testcase>
  <testcase name="Multiplicar dois numeros positivos" classname="Realizar operações matematicas" time="0.002">
    <failure message="java.lang.NullPointerException" type="java.lang.NullPointerException">java.lang.NullPointerException
	at helper.AppiumDriverHelper.createDriver(AppiumDriverHelper.java:20)
	at stepDefinition.CalculatorSteps.que_insiro_os_dois_numeros(CalculatorSteps.java:19)
	at ✽.que insiro os dois numeros(src/test/resources/features/calculator.feature:24)
</failure>
  </testcase>
  <system-out><![CDATA[]]></system-out>
  <system-err><![CDATA[]]></system-err>
</testsuite>
